<?xml version="1.0" encoding="UTF-8"?>
<!-- Generated by org.testng.reporters.JUnitReportReporter -->
<testsuite skipped="0" hostname="Dee-PC" name="com.herokuapp.theinternet.forgotpassword.tests.ForgotPasswordTests" tests="1" failures="0" timestamp="08 Jul 2018 14:36:45 GMT" time="10.477" errors="0">
  <testcase name="logInTest" time="10.477" classname="com.herokuapp.theinternet.forgotpassword.tests.ForgotPasswordTests"/>
</testsuite> <!-- com.herokuapp.theinternet.forgotpassword.tests.ForgotPasswordTests -->
