<?xml version="1.0" encoding="UTF-8"?>
<!-- Generated by org.testng.reporters.JUnitReportReporter -->
<testsuite skipped="0" hostname="Dee-PC" name="com.herokuapp.theinternet.login.tests.NegativeLoginTests" tests="2" failures="0" timestamp="08 Jul 2018 14:36:45 GMT" time="27.048" errors="0">
  <testcase name="incorrectUsernameTest" time="15.263" classname="com.herokuapp.theinternet.login.tests.NegativeLoginTests"/>
  <testcase name="incorrectPasswordTest" time="11.785" classname="com.herokuapp.theinternet.login.tests.NegativeLoginTests"/>
</testsuite> <!-- com.herokuapp.theinternet.login.tests.NegativeLoginTests -->
