<?xml version="1.0" encoding="UTF-8"?>
<!-- Generated by org.testng.reporters.JUnitReportReporter -->
<testsuite skipped="0" hostname="Dee-PC" name="com.herokuapp.theinternet.login.tests.PositiveLoginTests" tests="1" failures="0" timestamp="08 Jul 2018 14:36:45 GMT" time="12.513" errors="0">
  <testcase name="logInTest" time="12.513" classname="com.herokuapp.theinternet.login.tests.PositiveLoginTests"/>
</testsuite> <!-- com.herokuapp.theinternet.login.tests.PositiveLoginTests -->
