<?xml version="1.0" encoding="UTF-8"?>
<!-- Generated by org.testng.reporters.JUnitReportReporter -->
<testsuite skipped="0" hostname="Dee-PC" name="com.packt.tests.LogInTest" tests="4" failures="0" timestamp="04 Jul 2018 14:00:09 GMT" time="106.217" errors="0">
  <testcase name="logInTest" time="27.289" classname="com.packt.tests.LogInTest"/>
  <testcase name="logInTest" time="27.319" classname="com.packt.tests.LogInTest"/>
  <testcase name="logInTest" time="24.100" classname="com.packt.tests.LogInTest"/>
  <testcase name="logInTest" time="27.509" classname="com.packt.tests.LogInTest"/>
</testsuite> <!-- com.packt.tests.LogInTest -->
