<?xml version="1.0" encoding="UTF-8"?>
<!-- Generated by org.testng.reporters.JUnitReportReporter -->
<testsuite hostname="Dee-PC" name="com.packt.tests.LogInTest" tests="1" failures="0" timestamp="18 Jun 2018 22:13:53 GMT" time="17.976" errors="0">
  <testcase name="logInTest" time="17.976" classname="com.packt.tests.LogInTest"/>
</testsuite> <!-- com.packt.tests.LogInTest -->
