<?xml version="1.0" encoding="UTF-8"?>
<!-- Generated by org.testng.reporters.JUnitReportReporter -->
<testsuite skipped="0" hostname="Dee-PC" name="com.packt.tests.DynamicallyLoadedElementsTest" tests="1" failures="0" timestamp="23 Jun 2018 15:54:44 GMT" time="15.682" errors="0">
  <testcase name="startButtonTest" time="15.682" classname="com.packt.tests.DynamicallyLoadedElementsTest"/>
</testsuite> <!-- com.packt.tests.DynamicallyLoadedElementsTest -->
