<?xml version="1.0" encoding="UTF-8"?>
<!-- Generated by org.testng.reporters.JUnitReportReporter -->
<testsuite skipped="0" hostname="Dee-PC" name="com.packt.tests.LogInTest" tests="1" failures="0" timestamp="23 Jun 2018 14:08:35 GMT" time="22.486" errors="0">
  <testcase name="logInTest" time="22.486" classname="com.packt.tests.LogInTest"/>
</testsuite> <!-- com.packt.tests.LogInTest -->
