<?xml version="1.0" encoding="UTF-8"?>
<!-- Generated by org.testng.reporters.JUnitReportReporter -->
<testsuite skipped="0" hostname="Dee-PC" name="com.packt.tests.LogInTest" tests="3" failures="0" timestamp="04 Jul 2018 14:23:07 GMT" time="114.142" errors="0">
  <testcase name="logInTest" time="30.495" classname="com.packt.tests.LogInTest"/>
  <testcase name="logInTest" time="36.482" classname="com.packt.tests.LogInTest"/>
  <testcase name="logInTest" time="47.165" classname="com.packt.tests.LogInTest"/>
</testsuite> <!-- com.packt.tests.LogInTest -->
