<?xml version="1.0" encoding="UTF-8"?>
<!-- Generated by org.testng.reporters.JUnitReportReporter -->
<testsuite skipped="0" hostname="Dee-PC" name="com.packt.tests.WindowsAndFramesTest" tests="1" failures="0" timestamp="30 Jun 2018 14:56:15 GMT" time="19.936" errors="0">
  <testcase name="wysiwygEditorTest" time="19.936" classname="com.packt.tests.WindowsAndFramesTest"/>
</testsuite> <!-- com.packt.tests.WindowsAndFramesTest -->
