<?xml version="1.0" encoding="UTF-8"?>
<!-- Generated by org.testng.reporters.JUnitReportReporter -->
<testsuite skipped="0" hostname="Dee-PC" name="com.packt.tests.AlertsTest" tests="4" failures="0" timestamp="30 Jun 2018 14:13:36 GMT" time="76.127" errors="0">
  <testcase name="jSAlertButtonTest" time="18.847" classname="com.packt.tests.AlertsTest"/>
  <testcase name="jSAlertConfirmTest" time="19.120" classname="com.packt.tests.AlertsTest"/>
  <testcase name="jSAlertCancelTest" time="19.288" classname="com.packt.tests.AlertsTest"/>
  <testcase name="jSAlertPromptTest" time="18.872" classname="com.packt.tests.AlertsTest"/>
</testsuite> <!-- com.packt.tests.AlertsTest -->
