<?xml version="1.0" encoding="UTF-8"?>
<!-- Generated by org.testng.reporters.JUnitReportReporter -->
<testsuite skipped="0" hostname="Dee-PC" name="com.packt.tests.DynamicallyLoadedElementsTest" tests="1" failures="0" timestamp="30 Jun 2018 13:52:09 GMT" time="14.739" errors="0">
  <testcase name="startButtonTest" time="14.739" classname="com.packt.tests.DynamicallyLoadedElementsTest"/>
</testsuite> <!-- com.packt.tests.DynamicallyLoadedElementsTest -->
