<?xml version="1.0" encoding="UTF-8"?>
<!-- Generated by org.testng.reporters.JUnitReportReporter -->
<testsuite skipped="0" hostname="Dee-PC" name="com.herokuapp.theinternet.forgotpassword.tests.ForgotPasswordTests" tests="3" failures="0" timestamp="07 Jul 2018 17:24:52 GMT" time="66.675" errors="0">
  <testcase name="logInTest" time="17.358" classname="com.herokuapp.theinternet.forgotpassword.tests.ForgotPasswordTests"/>
  <testcase name="logInTest" time="13.402" classname="com.herokuapp.theinternet.forgotpassword.tests.ForgotPasswordTests"/>
  <testcase name="logInTest" time="35.915" classname="com.herokuapp.theinternet.forgotpassword.tests.ForgotPasswordTests"/>
</testsuite> <!-- com.herokuapp.theinternet.forgotpassword.tests.ForgotPasswordTests -->
