<?xml version="1.0" encoding="UTF-8"?>
<!-- Generated by org.testng.reporters.JUnitReportReporter -->
<testsuite skipped="0" hostname="Dee-PC" name="com.packt.tests.ScrollTest" tests="1" failures="0" timestamp="30 Jun 2018 15:01:44 GMT" time="49.610" errors="0">
  <testcase name="scrollTest" time="49.610" classname="com.packt.tests.ScrollTest"/>
</testsuite> <!-- com.packt.tests.ScrollTest -->
