<?xml version="1.0" encoding="UTF-8"?>
<!-- Generated by org.testng.reporters.JUnitReportReporter -->
<testsuite skipped="0" hostname="Dee-PC" name="com.packt.tests.LogInTest" tests="1" failures="0" timestamp="30 Jun 2018 15:14:34 GMT" time="26.113" errors="0">
  <testcase name="logInTest" time="26.113" classname="com.packt.tests.LogInTest"/>
</testsuite> <!-- com.packt.tests.LogInTest -->
