<?xml version="1.0" encoding="UTF-8"?>
<!-- Generated by org.testng.reporters.JUnitReportReporter -->
<testsuite skipped="0" hostname="Dee-PC" name="com.herokuapp.theinternet.login.tests.PositiveLoginTests" tests="1" failures="0" timestamp="07 Jul 2018 13:55:16 GMT" time="11.455" errors="0">
  <testcase name="logInTest" time="11.455" classname="com.herokuapp.theinternet.login.tests.PositiveLoginTests"/>
</testsuite> <!-- com.herokuapp.theinternet.login.tests.PositiveLoginTests -->
