<?xml version="1.0" encoding="UTF-8"?>
<!-- Generated by org.testng.reporters.JUnitReportReporter -->
<testsuite skipped="0" hostname="Dee-PC" name="com.herokuapp.theinternet.login.tests.NegativeLoginTests" tests="2" failures="0" timestamp="07 Jul 2018 13:55:16 GMT" time="29.980" errors="0">
  <testcase name="incorrectUsernameTest" time="16.847" classname="com.herokuapp.theinternet.login.tests.NegativeLoginTests"/>
  <testcase name="incorrectPasswordTest" time="13.133" classname="com.herokuapp.theinternet.login.tests.NegativeLoginTests"/>
</testsuite> <!-- com.herokuapp.theinternet.login.tests.NegativeLoginTests -->
