<?xml version="1.0" encoding="UTF-8"?>
<!-- Generated by org.testng.reporters.JUnitReportReporter -->
<testsuite skipped="0" hostname="Dee-PC" name="com.packt.tests.RegistrationTest" tests="1" failures="0" timestamp="23 Jun 2018 15:34:36 GMT" time="44.486" errors="0">
  <testcase name="registrationTest" time="44.486" classname="com.packt.tests.RegistrationTest"/>
</testsuite> <!-- com.packt.tests.RegistrationTest -->
