<?xml version="1.0" encoding="UTF-8"?>
<!-- Generated by org.testng.reporters.JUnitReportReporter -->
<testsuite skipped="0" hostname="Dee-PC" name="com.herokuapp.theinternet.login.tests.PositiveLoginTests" tests="3" failures="0" timestamp="07 Jul 2018 17:24:52 GMT" time="69.348" errors="0">
  <testcase name="logInTest" time="36.480" classname="com.herokuapp.theinternet.login.tests.PositiveLoginTests"/>
  <testcase name="logInTest" time="13.228" classname="com.herokuapp.theinternet.login.tests.PositiveLoginTests"/>
  <testcase name="logInTest" time="19.640" classname="com.herokuapp.theinternet.login.tests.PositiveLoginTests"/>
</testsuite> <!-- com.herokuapp.theinternet.login.tests.PositiveLoginTests -->
